mode: set
github.com/horvatos/bookings/cmd/web/main.go:23.13,25.16 2 0
github.com/horvatos/bookings/cmd/web/main.go:25.16,27.3 1 0
github.com/horvatos/bookings/cmd/web/main.go:30.2,38.16 4 0
github.com/horvatos/bookings/cmd/web/main.go:42.19,58.16 10 1
github.com/horvatos/bookings/cmd/web/main.go:58.16,61.3 2 0
github.com/horvatos/bookings/cmd/web/main.go:63.2,70.12 6 1
github.com/horvatos/bookings/cmd/web/middleware.go:10.45,20.2 3 1
github.com/horvatos/bookings/cmd/web/middleware.go:23.50,25.2 1 1
github.com/horvatos/bookings/cmd/web/routes.go:12.49,38.2 18 1
